2025-03-04 00:10:18.503 +01:00 [WRN] The foreign key property 'VehicleModel.VehicleMakeId1' was created in shadow state because a conflicting property with the simple name 'VehicleMakeId' exists in the entity type, but is either not mapped, is already used for another relationship, or is incompatible with the associated primary key type. See https://aka.ms/efcore-relationships for information on mapping relationships in EF Core.
2025-03-04 00:38:42.962 +01:00 [WRN] The foreign key property 'VehicleModel.VehicleMakeId1' was created in shadow state because a conflicting property with the simple name 'VehicleMakeId' exists in the entity type, but is either not mapped, is already used for another relationship, or is incompatible with the associated primary key type. See https://aka.ms/efcore-relationships for information on mapping relationships in EF Core.
2025-03-04 00:38:45.780 +01:00 [INF] Executed DbCommand (69ms) [Parameters=[], CommandType='"Text"', CommandTimeout='30']
SELECT 1
2025-03-04 00:38:46.157 +01:00 [INF] Acquiring an exclusive lock for migration application. See https://aka.ms/efcore-docs-migrations-lock for more information if this takes too long.
2025-03-04 00:38:46.493 +01:00 [INF] Executed DbCommand (80ms) [Parameters=[], CommandType='"Text"', CommandTimeout='30']
DECLARE @result int;
EXEC @result = sp_getapplock @Resource = '__EFMigrationsLock', @LockOwner = 'Session', @LockMode = 'Exclusive';
SELECT @result
2025-03-04 00:38:47.037 +01:00 [INF] Executed DbCommand (16ms) [Parameters=[], CommandType='"Text"', CommandTimeout='30']
IF OBJECT_ID(N'[__EFMigrationsHistory]') IS NULL
BEGIN
    CREATE TABLE [__EFMigrationsHistory] (
        [MigrationId] nvarchar(150) NOT NULL,
        [ProductVersion] nvarchar(32) NOT NULL,
        CONSTRAINT [PK___EFMigrationsHistory] PRIMARY KEY ([MigrationId])
    );
END;
2025-03-04 00:38:47.232 +01:00 [INF] Executed DbCommand (7ms) [Parameters=[], CommandType='"Text"', CommandTimeout='30']
SELECT 1
2025-03-04 00:38:47.396 +01:00 [INF] Executed DbCommand (5ms) [Parameters=[], CommandType='"Text"', CommandTimeout='30']
SELECT OBJECT_ID(N'[__EFMigrationsHistory]');
2025-03-04 00:38:47.437 +01:00 [INF] Executed DbCommand (32ms) [Parameters=[], CommandType='"Text"', CommandTimeout='30']
SELECT [MigrationId], [ProductVersion]
FROM [__EFMigrationsHistory]
ORDER BY [MigrationId];
2025-03-04 00:38:47.592 +01:00 [INF] No migrations were applied. The database is already up to date.
2025-03-04 00:38:47.630 +01:00 [INF] Executed DbCommand (10ms) [Parameters=[], CommandType='"Text"', CommandTimeout='30']
DECLARE @result int;
EXEC @result = sp_releaseapplock @Resource = '__EFMigrationsLock', @LockOwner = 'Session';
SELECT @result
2025-03-04 00:38:48.246 +01:00 [INF] User profile is available. Using 'C:\Users\korisnik\AppData\Local\ASP.NET\DataProtection-Keys' as key repository and Windows DPAPI to encrypt keys at rest.
2025-03-04 00:38:49.125 +01:00 [INF] Now listening on: https://localhost:7266
2025-03-04 00:38:49.175 +01:00 [INF] Now listening on: http://localhost:5266
2025-03-04 00:38:49.351 +01:00 [INF] Application started. Press Ctrl+C to shut down.
2025-03-04 00:38:49.566 +01:00 [INF] Hosting environment: Development
2025-03-04 00:38:49.680 +01:00 [INF] Content root path: C:\Users\korisnik\Desktop\vehicle_management_app\Project.MVC
2025-03-04 00:39:01.354 +01:00 [INF] Request starting HTTP/2 GET https://localhost:7266/ - null null
2025-03-04 00:39:03.081 +01:00 [INF] Executing endpoint 'VehicleMakeController.Index (Project.MVC)'
2025-03-04 00:39:03.175 +01:00 [INF] Route matched with {action = "Index", controller = "VehicleMake"}. Executing controller action with signature System.Threading.Tasks.Task`1[Microsoft.AspNetCore.Mvc.IActionResult] Index(Int32, Int32, System.String, System.String, System.String) on controller VehicleMakeController (Project.MVC).
2025-03-04 00:39:07.153 +01:00 [INF] Executing ViewResult, running view Index.
2025-03-04 00:39:07.425 +01:00 [INF] Executed ViewResult - view Index executed in 274.7769ms.
2025-03-04 00:39:07.715 +01:00 [INF] Executed action VehicleMakeController.Index (Project.MVC) in 4374.3815ms
2025-03-04 00:39:09.071 +01:00 [INF] Executed endpoint 'VehicleMakeController.Index (Project.MVC)'
2025-03-04 00:39:09.153 +01:00 [INF] Request finished HTTP/2 GET https://localhost:7266/ - 200 null text/html; charset=utf-8 7828.5325ms
2025-03-04 00:39:12.481 +01:00 [INF] Request starting HTTP/2 GET https://localhost:7266/robots.txt - application/x-www-form-urlencoded null
2025-03-04 00:39:12.502 +01:00 [INF] Request finished HTTP/2 GET https://localhost:7266/robots.txt - 404 0 null 20.9804ms
2025-03-04 00:39:13.685 +01:00 [INF] Request reached the end of the middleware pipeline without being handled by application code. Request path: GET https://localhost:7266/robots.txt, Response status code: 404
2025-03-04 00:52:04.029 +01:00 [WRN] The foreign key property 'VehicleModel.VehicleMakeId1' was created in shadow state because a conflicting property with the simple name 'VehicleMakeId' exists in the entity type, but is either not mapped, is already used for another relationship, or is incompatible with the associated primary key type. See https://aka.ms/efcore-relationships for information on mapping relationships in EF Core.
2025-03-04 00:52:05.588 +01:00 [INF] Executed DbCommand (68ms) [Parameters=[], CommandType='"Text"', CommandTimeout='30']
SELECT 1
2025-03-04 00:52:05.623 +01:00 [INF] Acquiring an exclusive lock for migration application. See https://aka.ms/efcore-docs-migrations-lock for more information if this takes too long.
2025-03-04 00:52:06.028 +01:00 [INF] Executed DbCommand (393ms) [Parameters=[], CommandType='"Text"', CommandTimeout='30']
DECLARE @result int;
EXEC @result = sp_getapplock @Resource = '__EFMigrationsLock', @LockOwner = 'Session', @LockMode = 'Exclusive';
SELECT @result
2025-03-04 00:52:06.331 +01:00 [INF] Executed DbCommand (37ms) [Parameters=[], CommandType='"Text"', CommandTimeout='30']
IF OBJECT_ID(N'[__EFMigrationsHistory]') IS NULL
BEGIN
    CREATE TABLE [__EFMigrationsHistory] (
        [MigrationId] nvarchar(150) NOT NULL,
        [ProductVersion] nvarchar(32) NOT NULL,
        CONSTRAINT [PK___EFMigrationsHistory] PRIMARY KEY ([MigrationId])
    );
END;
2025-03-04 00:52:06.372 +01:00 [INF] Executed DbCommand (2ms) [Parameters=[], CommandType='"Text"', CommandTimeout='30']
SELECT 1
2025-03-04 00:52:06.379 +01:00 [INF] Executed DbCommand (1ms) [Parameters=[], CommandType='"Text"', CommandTimeout='30']
SELECT OBJECT_ID(N'[__EFMigrationsHistory]');
2025-03-04 00:52:06.400 +01:00 [INF] Executed DbCommand (9ms) [Parameters=[], CommandType='"Text"', CommandTimeout='30']
SELECT [MigrationId], [ProductVersion]
FROM [__EFMigrationsHistory]
ORDER BY [MigrationId];
2025-03-04 00:52:06.439 +01:00 [INF] No migrations were applied. The database is already up to date.
2025-03-04 00:52:06.593 +01:00 [INF] Executed DbCommand (73ms) [Parameters=[], CommandType='"Text"', CommandTimeout='30']
DECLARE @result int;
EXEC @result = sp_releaseapplock @Resource = '__EFMigrationsLock', @LockOwner = 'Session';
SELECT @result
2025-03-04 00:52:06.693 +01:00 [INF] User profile is available. Using 'C:\Users\korisnik\AppData\Local\ASP.NET\DataProtection-Keys' as key repository and Windows DPAPI to encrypt keys at rest.
2025-03-04 00:52:07.320 +01:00 [INF] Now listening on: https://localhost:7266
2025-03-04 00:52:07.358 +01:00 [INF] Now listening on: http://localhost:5266
2025-03-04 00:52:07.365 +01:00 [INF] Application started. Press Ctrl+C to shut down.
2025-03-04 00:52:07.375 +01:00 [INF] Hosting environment: Development
2025-03-04 00:52:07.383 +01:00 [INF] Content root path: C:\Users\korisnik\Desktop\vehicle_management_app\Project.MVC
2025-03-04 01:06:53.997 +01:00 [INF] Executed DbCommand (62ms) [Parameters=[], CommandType='"Text"', CommandTimeout='30']
SELECT 1
2025-03-04 01:06:55.283 +01:00 [INF] Acquiring an exclusive lock for migration application. See https://aka.ms/efcore-docs-migrations-lock for more information if this takes too long.
2025-03-04 01:06:55.429 +01:00 [INF] Executed DbCommand (35ms) [Parameters=[], CommandType='"Text"', CommandTimeout='30']
DECLARE @result int;
EXEC @result = sp_getapplock @Resource = '__EFMigrationsLock', @LockOwner = 'Session', @LockMode = 'Exclusive';
SELECT @result
2025-03-04 01:06:59.032 +01:00 [INF] Executed DbCommand (651ms) [Parameters=[], CommandType='"Text"', CommandTimeout='30']
IF OBJECT_ID(N'[__EFMigrationsHistory]') IS NULL
BEGIN
    CREATE TABLE [__EFMigrationsHistory] (
        [MigrationId] nvarchar(150) NOT NULL,
        [ProductVersion] nvarchar(32) NOT NULL,
        CONSTRAINT [PK___EFMigrationsHistory] PRIMARY KEY ([MigrationId])
    );
END;
2025-03-04 01:07:14.580 +01:00 [INF] Executed DbCommand (366ms) [Parameters=[], CommandType='"Text"', CommandTimeout='30']
SELECT 1
2025-03-04 01:07:17.355 +01:00 [INF] Executed DbCommand (30ms) [Parameters=[], CommandType='"Text"', CommandTimeout='30']
SELECT OBJECT_ID(N'[__EFMigrationsHistory]');
2025-03-04 01:07:18.091 +01:00 [INF] Executed DbCommand (37ms) [Parameters=[], CommandType='"Text"', CommandTimeout='30']
SELECT [MigrationId], [ProductVersion]
FROM [__EFMigrationsHistory]
ORDER BY [MigrationId];
2025-03-04 01:07:19.422 +01:00 [INF] Applying migration '20250304000310_FixForeignKeyConflict'.
2025-03-04 01:07:20.215 +01:00 [ERR] Failed executing DbCommand (41ms) [Parameters=[], CommandType='"Text"', CommandTimeout='30']
CREATE TABLE [VehicleMakes] (
    [Id] int NOT NULL IDENTITY,
    [Name] nvarchar(100) NOT NULL,
    [Abbreviation] nvarchar(10) NOT NULL,
    CONSTRAINT [PK_VehicleMakes] PRIMARY KEY ([Id])
);
2025-03-04 01:07:21.892 +01:00 [INF] Executed DbCommand (23ms) [Parameters=[], CommandType='"Text"', CommandTimeout='30']
DECLARE @result int;
EXEC @result = sp_releaseapplock @Resource = '__EFMigrationsLock', @LockOwner = 'Session';
SELECT @result
2025-03-04 01:37:07.743 +01:00 [INF] Executed DbCommand (37ms) [Parameters=[], CommandType='"Text"', CommandTimeout='30']
SELECT 1
2025-03-04 01:37:07.870 +01:00 [INF] Acquiring an exclusive lock for migration application. See https://aka.ms/efcore-docs-migrations-lock for more information if this takes too long.
2025-03-04 01:37:07.912 +01:00 [INF] Executed DbCommand (34ms) [Parameters=[], CommandType='"Text"', CommandTimeout='30']
DECLARE @result int;
EXEC @result = sp_getapplock @Resource = '__EFMigrationsLock', @LockOwner = 'Session', @LockMode = 'Exclusive';
SELECT @result
2025-03-04 01:37:08.054 +01:00 [INF] Executed DbCommand (3ms) [Parameters=[], CommandType='"Text"', CommandTimeout='30']
IF OBJECT_ID(N'[__EFMigrationsHistory]') IS NULL
BEGIN
    CREATE TABLE [__EFMigrationsHistory] (
        [MigrationId] nvarchar(150) NOT NULL,
        [ProductVersion] nvarchar(32) NOT NULL,
        CONSTRAINT [PK___EFMigrationsHistory] PRIMARY KEY ([MigrationId])
    );
END;
2025-03-04 01:37:08.095 +01:00 [INF] Executed DbCommand (1ms) [Parameters=[], CommandType='"Text"', CommandTimeout='30']
SELECT 1
2025-03-04 01:37:08.102 +01:00 [INF] Executed DbCommand (1ms) [Parameters=[], CommandType='"Text"', CommandTimeout='30']
SELECT OBJECT_ID(N'[__EFMigrationsHistory]');
2025-03-04 01:37:08.117 +01:00 [INF] Executed DbCommand (6ms) [Parameters=[], CommandType='"Text"', CommandTimeout='30']
SELECT [MigrationId], [ProductVersion]
FROM [__EFMigrationsHistory]
ORDER BY [MigrationId];
2025-03-04 01:37:08.170 +01:00 [INF] No migrations were applied. The database is already up to date.
2025-03-04 01:37:08.200 +01:00 [INF] Executed DbCommand (5ms) [Parameters=[], CommandType='"Text"', CommandTimeout='30']
DECLARE @result int;
EXEC @result = sp_releaseapplock @Resource = '__EFMigrationsLock', @LockOwner = 'Session';
SELECT @result
2025-03-04 01:37:08.258 +01:00 [INF] User profile is available. Using 'C:\Users\korisnik\AppData\Local\ASP.NET\DataProtection-Keys' as key repository and Windows DPAPI to encrypt keys at rest.
2025-03-04 01:37:08.735 +01:00 [INF] Now listening on: https://localhost:7266
2025-03-04 01:37:08.749 +01:00 [INF] Now listening on: http://localhost:5266
2025-03-04 01:37:08.762 +01:00 [INF] Application started. Press Ctrl+C to shut down.
2025-03-04 01:37:08.766 +01:00 [INF] Hosting environment: Development
2025-03-04 01:37:08.779 +01:00 [INF] Content root path: C:\Users\korisnik\Desktop\vehicle_management_app\Project.MVC
2025-03-04 01:37:24.352 +01:00 [INF] Request starting HTTP/2 GET https://localhost:7266/ - null null
2025-03-04 01:37:24.441 +01:00 [INF] Executing endpoint 'VehicleMakeController.Index (Project.MVC)'
2025-03-04 01:37:24.500 +01:00 [INF] Route matched with {action = "Index", controller = "VehicleMake"}. Executing controller action with signature System.Threading.Tasks.Task`1[Microsoft.AspNetCore.Mvc.IActionResult] Index(Int32, Int32, System.String, System.String, System.String) on controller VehicleMakeController (Project.MVC).
2025-03-04 01:37:25.875 +01:00 [INF] Executing ViewResult, running view Index.
2025-03-04 01:37:26.001 +01:00 [INF] Executed ViewResult - view Index executed in 117.7616ms.
2025-03-04 01:37:26.301 +01:00 [INF] Executed action VehicleMakeController.Index (Project.MVC) in 1790.4873ms
2025-03-04 01:37:26.307 +01:00 [INF] Executed endpoint 'VehicleMakeController.Index (Project.MVC)'
2025-03-04 01:37:26.320 +01:00 [INF] Request finished HTTP/2 GET https://localhost:7266/ - 200 null text/html; charset=utf-8 1978.2299ms
2025-03-04 01:37:27.560 +01:00 [INF] Request starting HTTP/2 GET https://localhost:7266/robots.txt - application/x-www-form-urlencoded null
2025-03-04 01:37:27.626 +01:00 [INF] Request finished HTTP/2 GET https://localhost:7266/robots.txt - 404 0 null 65.8011ms
2025-03-04 01:37:27.669 +01:00 [INF] Request reached the end of the middleware pipeline without being handled by application code. Request path: GET https://localhost:7266/robots.txt, Response status code: 404
2025-03-04 01:38:03.083 +01:00 [INF] Request starting HTTP/2 GET https://localhost:7266/robots.txt - null null
2025-03-04 01:38:03.322 +01:00 [INF] Request finished HTTP/2 GET https://localhost:7266/robots.txt - 404 0 null 239.2128ms
2025-03-04 01:38:04.969 +01:00 [INF] Request reached the end of the middleware pipeline without being handled by application code. Request path: GET https://localhost:7266/robots.txt, Response status code: 404
2025-03-04 01:38:05.690 +01:00 [INF] Request starting HTTP/2 GET https://localhost:7266/robots.txt - application/x-www-form-urlencoded null
2025-03-04 01:38:05.936 +01:00 [INF] Request finished HTTP/2 GET https://localhost:7266/robots.txt - 404 0 null 246.0039ms
2025-03-04 01:38:05.953 +01:00 [INF] Request reached the end of the middleware pipeline without being handled by application code. Request path: GET https://localhost:7266/robots.txt, Response status code: 404
2025-03-04 01:38:30.898 +01:00 [INF] Application is shutting down...
