2025-03-05 00:32:37.712 +01:00 [INF] Executed DbCommand (49ms) [Parameters=[], CommandType='"Text"', CommandTimeout='30']
SELECT 1
2025-03-05 00:32:37.896 +01:00 [INF] Acquiring an exclusive lock for migration application. See https://aka.ms/efcore-docs-migrations-lock for more information if this takes too long.
2025-03-05 00:32:38.022 +01:00 [INF] Executed DbCommand (74ms) [Parameters=[], CommandType='"Text"', CommandTimeout='30']
DECLARE @result int;
EXEC @result = sp_getapplock @Resource = '__EFMigrationsLock', @LockOwner = 'Session', @LockMode = 'Exclusive';
SELECT @result
2025-03-05 00:32:38.341 +01:00 [INF] Executed DbCommand (3ms) [Parameters=[], CommandType='"Text"', CommandTimeout='30']
IF OBJECT_ID(N'[__EFMigrationsHistory]') IS NULL
BEGIN
    CREATE TABLE [__EFMigrationsHistory] (
        [MigrationId] nvarchar(150) NOT NULL,
        [ProductVersion] nvarchar(32) NOT NULL,
        CONSTRAINT [PK___EFMigrationsHistory] PRIMARY KEY ([MigrationId])
    );
END;
2025-03-05 00:32:38.406 +01:00 [INF] Executed DbCommand (12ms) [Parameters=[], CommandType='"Text"', CommandTimeout='30']
SELECT 1
2025-03-05 00:32:39.274 +01:00 [INF] Executed DbCommand (16ms) [Parameters=[], CommandType='"Text"', CommandTimeout='30']
SELECT OBJECT_ID(N'[__EFMigrationsHistory]');
2025-03-05 00:32:39.581 +01:00 [INF] Executed DbCommand (49ms) [Parameters=[], CommandType='"Text"', CommandTimeout='30']
SELECT [MigrationId], [ProductVersion]
FROM [__EFMigrationsHistory]
ORDER BY [MigrationId];
2025-03-05 00:32:40.293 +01:00 [INF] No migrations were applied. The database is already up to date.
2025-03-05 00:32:40.312 +01:00 [INF] Executed DbCommand (3ms) [Parameters=[], CommandType='"Text"', CommandTimeout='30']
DECLARE @result int;
EXEC @result = sp_releaseapplock @Resource = '__EFMigrationsLock', @LockOwner = 'Session';
SELECT @result
2025-03-05 00:32:40.625 +01:00 [INF] User profile is available. Using 'C:\Users\korisnik\AppData\Local\ASP.NET\DataProtection-Keys' as key repository and Windows DPAPI to encrypt keys at rest.
2025-03-05 00:32:41.021 +01:00 [INF] Now listening on: https://localhost:7266
2025-03-05 00:32:41.099 +01:00 [INF] Now listening on: http://localhost:5266
2025-03-05 00:32:41.110 +01:00 [INF] Application started. Press Ctrl+C to shut down.
2025-03-05 00:32:41.117 +01:00 [INF] Hosting environment: Development
2025-03-05 00:32:41.124 +01:00 [INF] Content root path: C:\Users\korisnik\Desktop\vehicle_management_app\Project.MVC
2025-03-05 00:33:00.826 +01:00 [INF] Request starting HTTP/2 GET https://localhost:7266/ - null null
2025-03-05 00:33:03.049 +01:00 [INF] Executing endpoint 'VehicleMakeController.Index (Project.MVC)'
2025-03-05 00:33:03.148 +01:00 [INF] Route matched with {action = "Index", controller = "VehicleMake"}. Executing controller action with signature System.Threading.Tasks.Task`1[Microsoft.AspNetCore.Mvc.IActionResult] Index(Int32, Int32, System.String, System.String, System.String) on controller VehicleMakeController (Project.MVC).
2025-03-05 00:33:06.558 +01:00 [INF] Executing ViewResult, running view Index.
2025-03-05 00:33:06.781 +01:00 [INF] Executed ViewResult - view Index executed in 225.1669ms.
2025-03-05 00:33:07.389 +01:00 [INF] Executed action VehicleMakeController.Index (Project.MVC) in 3921.6927ms
2025-03-05 00:33:07.396 +01:00 [INF] Executed endpoint 'VehicleMakeController.Index (Project.MVC)'
2025-03-05 00:33:07.443 +01:00 [INF] Request finished HTTP/2 GET https://localhost:7266/ - 200 null text/html; charset=utf-8 7393.5076ms
2025-03-05 00:33:07.471 +01:00 [INF] Request starting HTTP/2 GET https://localhost:7266/robots.txt - application/x-www-form-urlencoded null
2025-03-05 00:33:07.988 +01:00 [WRN] 404 Not Found: /robots.txt
2025-03-05 00:33:08.247 +01:00 [INF] Request finished HTTP/2 GET https://localhost:7266/robots.txt - 404 null text/html 776.0126ms
2025-03-05 00:33:08.265 +01:00 [INF] Request reached the end of the middleware pipeline without being handled by application code. Request path: GET https://localhost:7266/robots.txt, Response status code: 404
2025-03-05 00:34:00.236 +01:00 [INF] Application is shutting down...
