2025-03-03 01:31:05.794 +01:00 [INF] Executed DbCommand (34ms) [Parameters=[], CommandType='"Text"', CommandTimeout='30']
SELECT 1
2025-03-03 01:31:05.911 +01:00 [INF] Acquiring an exclusive lock for migration application. See https://aka.ms/efcore-docs-migrations-lock for more information if this takes too long.
2025-03-03 01:31:05.956 +01:00 [INF] Executed DbCommand (35ms) [Parameters=[], CommandType='"Text"', CommandTimeout='30']
DECLARE @result int;
EXEC @result = sp_getapplock @Resource = '__EFMigrationsLock', @LockOwner = 'Session', @LockMode = 'Exclusive';
SELECT @result
2025-03-03 01:31:06.124 +01:00 [INF] Executed DbCommand (3ms) [Parameters=[], CommandType='"Text"', CommandTimeout='30']
IF OBJECT_ID(N'[__EFMigrationsHistory]') IS NULL
BEGIN
    CREATE TABLE [__EFMigrationsHistory] (
        [MigrationId] nvarchar(150) NOT NULL,
        [ProductVersion] nvarchar(32) NOT NULL,
        CONSTRAINT [PK___EFMigrationsHistory] PRIMARY KEY ([MigrationId])
    );
END;
2025-03-03 01:31:06.157 +01:00 [INF] Executed DbCommand (1ms) [Parameters=[], CommandType='"Text"', CommandTimeout='30']
SELECT 1
2025-03-03 01:31:06.164 +01:00 [INF] Executed DbCommand (1ms) [Parameters=[], CommandType='"Text"', CommandTimeout='30']
SELECT OBJECT_ID(N'[__EFMigrationsHistory]');
2025-03-03 01:31:06.186 +01:00 [INF] Executed DbCommand (5ms) [Parameters=[], CommandType='"Text"', CommandTimeout='30']
SELECT [MigrationId], [ProductVersion]
FROM [__EFMigrationsHistory]
ORDER BY [MigrationId];
2025-03-03 01:31:06.234 +01:00 [INF] No migrations were applied. The database is already up to date.
2025-03-03 01:31:06.247 +01:00 [INF] Executed DbCommand (2ms) [Parameters=[], CommandType='"Text"', CommandTimeout='30']
DECLARE @result int;
EXEC @result = sp_releaseapplock @Resource = '__EFMigrationsLock', @LockOwner = 'Session';
SELECT @result
2025-03-03 01:31:06.307 +01:00 [INF] User profile is available. Using 'C:\Users\korisnik\AppData\Local\ASP.NET\DataProtection-Keys' as key repository and Windows DPAPI to encrypt keys at rest.
2025-03-03 01:31:06.797 +01:00 [INF] Now listening on: https://localhost:7266
2025-03-03 01:31:06.814 +01:00 [INF] Now listening on: http://localhost:5266
2025-03-03 01:31:06.826 +01:00 [INF] Application started. Press Ctrl+C to shut down.
2025-03-03 01:31:06.829 +01:00 [INF] Hosting environment: Development
2025-03-03 01:31:06.836 +01:00 [INF] Content root path: C:\Users\korisnik\Desktop\vehicle_management_app\Project.MVC
2025-03-03 01:31:39.091 +01:00 [INF] Request starting HTTP/2 GET https://localhost:7266/ - null null
2025-03-03 01:31:39.258 +01:00 [INF] Executing endpoint 'VehicleMakeController.Index (Project.MVC)'
2025-03-03 01:31:39.348 +01:00 [INF] Route matched with {action = "Index", controller = "VehicleMake"}. Executing controller action with signature System.Threading.Tasks.Task`1[Microsoft.AspNetCore.Mvc.IActionResult] Index(Int32, Int32, System.String, System.String, System.String) on controller VehicleMakeController (Project.MVC).
2025-03-03 01:31:39.515 +01:00 [INF] Executed action VehicleMakeController.Index (Project.MVC) in 142.583ms
2025-03-03 01:31:39.533 +01:00 [INF] Executed endpoint 'VehicleMakeController.Index (Project.MVC)'
2025-03-03 01:31:39.537 +01:00 [ERR] An unhandled exception has occurred while executing the request.
Ninject.ActivationException: Error activating IMapper
No matching bindings are available, and the type is not self-bindable.
Activation path:
  2) Injection of dependency IMapper into parameter mapper of constructor of type VehicleService
  1) Request for IVehicleService

Suggestions:
  1) Ensure that you have defined a binding for IMapper.
  2) If the binding was defined in a module, ensure that the module has been loaded into the kernel.
  3) Ensure you have not accidentally created more than one kernel.
  4) If you are using constructor arguments, ensure that the parameter name matches the constructors parameter name.

   at Ninject.KernelBase.Resolve(IRequest request, Boolean handleMissingBindings, Boolean filterImplicitBindings)
   at Ninject.KernelBase.Resolve(IRequest request)
   at Ninject.Planning.Targets.Target`1.ResolveWithin(IContext parent)
   at Ninject.Activation.Providers.StandardProvider.GetValue(IContext context, ITarget target)
   at Ninject.Activation.Providers.StandardProvider.<>c__DisplayClass15_0.<Create>b__0(ITarget target)
   at System.Linq.Enumerable.ArraySelectIterator`2.Fill(ReadOnlySpan`1 source, Span`1 destination, Func`2 func)
   at System.Linq.Enumerable.ArraySelectIterator`2.ToArray()
   at Ninject.Activation.Providers.StandardProvider.Create(IContext context)
   at Ninject.Activation.Context.ResolveInternal(Object scope)
   at Ninject.Activation.Context.Resolve()
   at Ninject.KernelBase.Resolve(IRequest request, Boolean handleMissingBindings, Boolean filterImplicitBindings)
   at Ninject.KernelBase.Resolve(IRequest request)
   at Ninject.ResolutionExtensions.GetResolutionIterator(IResolutionRoot root, Type service, Func`2 constraint, IEnumerable`1 parameters, Boolean isOptional, Boolean isUnique)
   at Ninject.ResolutionExtensions.Get[T](IResolutionRoot root, IParameter[] parameters)
   at Program.<>c__DisplayClass0_0.<Main>b__1(IServiceProvider provider) in C:\Users\korisnik\Desktop\vehicle_management_app\Project.MVC\Program.cs:line 33
   at Microsoft.Extensions.DependencyInjection.ServiceLookup.CallSiteVisitor`2.VisitCallSiteMain(ServiceCallSite callSite, TArgument argument)
   at Microsoft.Extensions.DependencyInjection.ServiceLookup.CallSiteRuntimeResolver.VisitCache(ServiceCallSite callSite, RuntimeResolverContext context, ServiceProviderEngineScope serviceProviderEngine, RuntimeResolverLock lockType)
   at Microsoft.Extensions.DependencyInjection.ServiceLookup.CallSiteRuntimeResolver.VisitScopeCache(ServiceCallSite callSite, RuntimeResolverContext context)
   at Microsoft.Extensions.DependencyInjection.ServiceLookup.CallSiteVisitor`2.VisitCallSite(ServiceCallSite callSite, TArgument argument)
   at Microsoft.Extensions.DependencyInjection.ServiceLookup.CallSiteRuntimeResolver.Resolve(ServiceCallSite callSite, ServiceProviderEngineScope scope)
   at Microsoft.Extensions.DependencyInjection.ServiceLookup.DynamicServiceProviderEngine.<>c__DisplayClass2_0.<RealizeService>b__0(ServiceProviderEngineScope scope)
   at Microsoft.Extensions.DependencyInjection.ServiceProvider.GetService(ServiceIdentifier serviceIdentifier, ServiceProviderEngineScope serviceProviderEngineScope)
   at Microsoft.Extensions.DependencyInjection.ServiceLookup.ServiceProviderEngineScope.GetService(Type serviceType)
   at lambda_method10(Closure, IServiceProvider, Object[])
   at Microsoft.AspNetCore.Mvc.Controllers.ControllerFactoryProvider.<>c__DisplayClass6_0.<CreateControllerFactory>g__CreateController|0(ControllerContext controllerContext)
   at Microsoft.AspNetCore.Mvc.Infrastructure.ControllerActionInvoker.Next(State& next, Scope& scope, Object& state, Boolean& isCompleted)
   at Microsoft.AspNetCore.Mvc.Infrastructure.ControllerActionInvoker.InvokeInnerFilterAsync()
--- End of stack trace from previous location ---
   at Microsoft.AspNetCore.Mvc.Infrastructure.ResourceInvoker.<InvokeNextResourceFilter>g__Awaited|25_0(ResourceInvoker invoker, Task lastTask, State next, Scope scope, Object state, Boolean isCompleted)
   at Microsoft.AspNetCore.Mvc.Infrastructure.ResourceInvoker.Rethrow(ResourceExecutedContextSealed context)
   at Microsoft.AspNetCore.Mvc.Infrastructure.ResourceInvoker.Next(State& next, Scope& scope, Object& state, Boolean& isCompleted)
   at Microsoft.AspNetCore.Mvc.Infrastructure.ResourceInvoker.InvokeFilterPipelineAsync()
--- End of stack trace from previous location ---
   at Microsoft.AspNetCore.Mvc.Infrastructure.ResourceInvoker.<InvokeAsync>g__Logged|17_1(ResourceInvoker invoker)
   at Microsoft.AspNetCore.Mvc.Infrastructure.ResourceInvoker.<InvokeAsync>g__Logged|17_1(ResourceInvoker invoker)
   at Microsoft.AspNetCore.Routing.EndpointMiddleware.<Invoke>g__AwaitRequestTask|7_0(Endpoint endpoint, Task requestTask, ILogger logger)
   at Microsoft.AspNetCore.Authorization.AuthorizationMiddleware.Invoke(HttpContext context)
   at Microsoft.AspNetCore.Diagnostics.DeveloperExceptionPageMiddlewareImpl.Invoke(HttpContext context)
2025-03-03 01:31:39.923 +01:00 [INF] Request finished HTTP/2 GET https://localhost:7266/ - 500 null text/html; charset=utf-8 836.2493ms
2025-03-03 01:31:42.661 +01:00 [INF] Request starting HTTP/2 GET https://localhost:7266/robots.txt - application/x-www-form-urlencoded null
2025-03-03 01:31:42.677 +01:00 [INF] Request finished HTTP/2 GET https://localhost:7266/robots.txt - 404 0 null 16.4345ms
2025-03-03 01:31:42.757 +01:00 [INF] Request reached the end of the middleware pipeline without being handled by application code. Request path: GET https://localhost:7266/robots.txt, Response status code: 404
2025-03-03 01:32:45.098 +01:00 [INF] Request starting HTTP/1.1 GET http://localhost:5266/ - null null
2025-03-03 01:32:45.304 +01:00 [INF] Request finished HTTP/1.1 GET http://localhost:5266/ - 307 0 null 206.459ms
2025-03-03 01:32:45.364 +01:00 [INF] Request starting HTTP/2 GET https://localhost:7266/ - null null
2025-03-03 01:32:45.374 +01:00 [INF] Executing endpoint 'VehicleMakeController.Index (Project.MVC)'
2025-03-03 01:32:45.379 +01:00 [INF] Route matched with {action = "Index", controller = "VehicleMake"}. Executing controller action with signature System.Threading.Tasks.Task`1[Microsoft.AspNetCore.Mvc.IActionResult] Index(Int32, Int32, System.String, System.String, System.String) on controller VehicleMakeController (Project.MVC).
2025-03-03 01:32:45.388 +01:00 [INF] Executed action VehicleMakeController.Index (Project.MVC) in 2.0768ms
2025-03-03 01:32:45.398 +01:00 [INF] Executed endpoint 'VehicleMakeController.Index (Project.MVC)'
2025-03-03 01:32:45.403 +01:00 [ERR] An unhandled exception has occurred while executing the request.
Ninject.ActivationException: Error activating IMapper
No matching bindings are available, and the type is not self-bindable.
Activation path:
  2) Injection of dependency IMapper into parameter mapper of constructor of type VehicleService
  1) Request for IVehicleService

Suggestions:
  1) Ensure that you have defined a binding for IMapper.
  2) If the binding was defined in a module, ensure that the module has been loaded into the kernel.
  3) Ensure you have not accidentally created more than one kernel.
  4) If you are using constructor arguments, ensure that the parameter name matches the constructors parameter name.

   at Ninject.KernelBase.Resolve(IRequest request, Boolean handleMissingBindings, Boolean filterImplicitBindings)
   at Ninject.KernelBase.Resolve(IRequest request)
   at Ninject.Planning.Targets.Target`1.ResolveWithin(IContext parent)
   at Ninject.Activation.Providers.StandardProvider.GetValue(IContext context, ITarget target)
   at Ninject.Activation.Providers.StandardProvider.<>c__DisplayClass15_0.<Create>b__0(ITarget target)
   at System.Linq.Enumerable.ArraySelectIterator`2.Fill(ReadOnlySpan`1 source, Span`1 destination, Func`2 func)
   at System.Linq.Enumerable.ArraySelectIterator`2.ToArray()
   at Ninject.Activation.Providers.StandardProvider.Create(IContext context)
   at Ninject.Activation.Context.ResolveInternal(Object scope)
   at Ninject.Activation.Context.Resolve()
   at Ninject.KernelBase.Resolve(IRequest request, Boolean handleMissingBindings, Boolean filterImplicitBindings)
   at Ninject.KernelBase.Resolve(IRequest request)
   at Ninject.ResolutionExtensions.GetResolutionIterator(IResolutionRoot root, Type service, Func`2 constraint, IEnumerable`1 parameters, Boolean isOptional, Boolean isUnique)
   at Ninject.ResolutionExtensions.Get[T](IResolutionRoot root, IParameter[] parameters)
   at Program.<>c__DisplayClass0_0.<Main>b__1(IServiceProvider provider) in C:\Users\korisnik\Desktop\vehicle_management_app\Project.MVC\Program.cs:line 33
   at Microsoft.Extensions.DependencyInjection.ServiceLookup.CallSiteVisitor`2.VisitCallSiteMain(ServiceCallSite callSite, TArgument argument)
   at Microsoft.Extensions.DependencyInjection.ServiceLookup.CallSiteRuntimeResolver.VisitCache(ServiceCallSite callSite, RuntimeResolverContext context, ServiceProviderEngineScope serviceProviderEngine, RuntimeResolverLock lockType)
   at Microsoft.Extensions.DependencyInjection.ServiceLookup.CallSiteRuntimeResolver.VisitScopeCache(ServiceCallSite callSite, RuntimeResolverContext context)
   at Microsoft.Extensions.DependencyInjection.ServiceLookup.CallSiteVisitor`2.VisitCallSite(ServiceCallSite callSite, TArgument argument)
   at Microsoft.Extensions.DependencyInjection.ServiceLookup.CallSiteRuntimeResolver.Resolve(ServiceCallSite callSite, ServiceProviderEngineScope scope)
   at Microsoft.Extensions.DependencyInjection.ServiceLookup.DynamicServiceProviderEngine.<>c__DisplayClass2_0.<RealizeService>b__0(ServiceProviderEngineScope scope)
   at Microsoft.Extensions.DependencyInjection.ServiceProvider.GetService(ServiceIdentifier serviceIdentifier, ServiceProviderEngineScope serviceProviderEngineScope)
   at Microsoft.Extensions.DependencyInjection.ServiceLookup.ServiceProviderEngineScope.GetService(Type serviceType)
   at lambda_method10(Closure, IServiceProvider, Object[])
   at Microsoft.AspNetCore.Mvc.Controllers.ControllerFactoryProvider.<>c__DisplayClass6_0.<CreateControllerFactory>g__CreateController|0(ControllerContext controllerContext)
   at Microsoft.AspNetCore.Mvc.Infrastructure.ControllerActionInvoker.Next(State& next, Scope& scope, Object& state, Boolean& isCompleted)
   at Microsoft.AspNetCore.Mvc.Infrastructure.ControllerActionInvoker.InvokeInnerFilterAsync()
--- End of stack trace from previous location ---
   at Microsoft.AspNetCore.Mvc.Infrastructure.ResourceInvoker.<InvokeNextResourceFilter>g__Awaited|25_0(ResourceInvoker invoker, Task lastTask, State next, Scope scope, Object state, Boolean isCompleted)
   at Microsoft.AspNetCore.Mvc.Infrastructure.ResourceInvoker.Rethrow(ResourceExecutedContextSealed context)
   at Microsoft.AspNetCore.Mvc.Infrastructure.ResourceInvoker.Next(State& next, Scope& scope, Object& state, Boolean& isCompleted)
   at Microsoft.AspNetCore.Mvc.Infrastructure.ResourceInvoker.InvokeFilterPipelineAsync()
--- End of stack trace from previous location ---
   at Microsoft.AspNetCore.Mvc.Infrastructure.ResourceInvoker.<InvokeAsync>g__Logged|17_1(ResourceInvoker invoker)
   at Microsoft.AspNetCore.Mvc.Infrastructure.ResourceInvoker.<InvokeAsync>g__Logged|17_1(ResourceInvoker invoker)
   at Microsoft.AspNetCore.Routing.EndpointMiddleware.<Invoke>g__AwaitRequestTask|7_0(Endpoint endpoint, Task requestTask, ILogger logger)
   at Microsoft.AspNetCore.Authorization.AuthorizationMiddleware.Invoke(HttpContext context)
   at Microsoft.AspNetCore.Diagnostics.DeveloperExceptionPageMiddlewareImpl.Invoke(HttpContext context)
2025-03-03 01:32:45.566 +01:00 [INF] Request finished HTTP/2 GET https://localhost:7266/ - 500 null text/html; charset=utf-8 201.9373ms
2025-03-03 01:32:50.695 +01:00 [INF] Request starting HTTP/2 GET https://localhost:7266/robots.txt - application/x-www-form-urlencoded null
2025-03-03 01:32:50.707 +01:00 [INF] Request finished HTTP/2 GET https://localhost:7266/robots.txt - 404 0 null 11.7885ms
2025-03-03 01:32:50.723 +01:00 [INF] Request reached the end of the middleware pipeline without being handled by application code. Request path: GET https://localhost:7266/robots.txt, Response status code: 404
